# JRE version: OpenJDK Runtime Environment (8.0_152-b06) (build 1.8.0_152-release-1136-b06)
# Java VM: OpenJDK 64-Bit Server VM (25.152-b06 mixed mode linux-amd64 compressed oops)
Heap:
 PSYoungGen      total 454656K, used 0K [0x00000000e0000000, 0x0000000100000000, 0x0000000100000000)
  eden space 401408K, 0% used [0x00000000e0000000,0x00000000e0000000,0x00000000f8800000)
  from space 53248K, 0% used [0x00000000f8800000,0x00000000f8800000,0x00000000fbc00000)
  to   space 68096K, 0% used [0x00000000fbd80000,0x00000000fbd80000,0x0000000100000000)
 ParOldGen       total 193024K, used 188775K [0x00000000a0000000, 0x00000000abc80000, 0x00000000e0000000)
  object space 193024K, 97% used [0x00000000a0000000,0x00000000ab859c08,0x00000000abc80000)
 Metaspace       used 103608K, capacity 111318K, committed 112984K, reserved 1146880K
  class space    used 12647K, capacity 14151K, committed 14680K, reserved 1048576K
GC Heap History (10 events):
Event: 10054.189 GC heap after
Heap after GC invocations=48 (full 5):
 PSYoungGen      total 468480K, used 8716K [0x00000000e0000000, 0x0000000100000000, 0x0000000100000000)
  eden space 415744K, 0% used [0x00000000e0000000,0x00000000e0000000,0x00000000f9600000)
  from space 52736K, 16% used [0x00000000f9600000,0x00000000f9e83158,0x00000000fc980000)
  to   space 53760K, 0% used [0x00000000fcb80000,0x00000000fcb80000,0x0000000100000000)
 ParOldGen       total 193024K, used 128462K [0x00000000a0000000, 0x00000000abc80000, 0x00000000e0000000)
  object space 193024K, 66% used [0x00000000a0000000,0x00000000a7d73918,0x00000000abc80000)
 Metaspace       used 103567K, capacity 111728K, committed 112728K, reserved 1146880K
  class space    used 12691K, capacity 14314K, committed 14680K, reserved 1048576K
}
Event: 10055.493 GC heap before
{Heap before GC invocations=49 (full 5):
 PSYoungGen      total 468480K, used 424460K [0x00000000e0000000, 0x0000000100000000, 0x0000000100000000)
  eden space 415744K, 100% used [0x00000000e0000000,0x00000000f9600000,0x00000000f9600000)
  from space 52736K, 16% used [0x00000000f9600000,0x00000000f9e83158,0x00000000fc980000)
  to   space 53760K, 0% used [0x00000000fcb80000,0x00000000fcb80000,0x0000000100000000)
 ParOldGen       total 193024K, used 128462K [0x00000000a0000000, 0x00000000abc80000, 0x00000000e0000000)
  object space 193024K, 66% used [0x00000000a0000000,0x00000000a7d73918,0x00000000abc80000)
 Metaspace       used 103638K, capacity 111800K, committed 112984K, reserved 1146880K
  class space    used 12691K, capacity 14314K, committed 14680K, reserved 1048576K
Event: 10055.499 GC heap after
Heap after GC invocations=49 (full 5):
 PSYoungGen      total 468480K, used 3773K [0x00000000e0000000, 0x0000000100000000, 0x0000000100000000)
  eden space 414720K, 0% used [0x00000000e0000000,0x00000000e0000000,0x00000000f9500000)
  from space 53760K, 7% used [0x00000000fcb80000,0x00000000fcf2f4a0,0x0000000100000000)
  to   space 54784K, 0% used [0x00000000f9500000,0x00000000f9500000,0x00000000fca80000)
 ParOldGen       total 193024K, used 129458K [0x00000000a0000000, 0x00000000abc80000, 0x00000000e0000000)
  object space 193024K, 67% used [0x00000000a0000000,0x00000000a7e6c968,0x00000000abc80000)
 Metaspace       used 103638K, capacity 111800K, committed 112984K, reserved 1146880K
  class space    used 12691K, capacity 14314K, committed 14680K, reserved 1048576K
}
Event: 10057.422 GC heap before
{Heap before GC invocations=50 (full 5):
 PSYoungGen      total 468480K, used 415444K [0x00000000e0000000, 0x0000000100000000, 0x0000000100000000)
  eden space 414720K, 99% used [0x00000000e0000000,0x00000000f9205ea8,0x00000000f9500000)
  from space 53760K, 7% used [0x00000000fcb80000,0x00000000fcf2f4a0,0x0000000100000000)
  to   space 54784K, 0% used [0x00000000f9500000,0x00000000f9500000,0x00000000fca80000)
 ParOldGen       total 193024K, used 129458K [0x00000000a0000000, 0x00000000abc80000, 0x00000000e0000000)
  object space 193024K, 67% used [0x00000000a0000000,0x00000000a7e6c968,0x00000000abc80000)
 Metaspace       used 103731K, capacity 111900K, committed 112984K, reserved 1146880K
  class space    used 12696K, capacity 14322K, committed 14680K, reserved 1048576K
Event: 10057.472 GC heap after
Heap after GC invocations=50 (full 5):
 PSYoungGen      total 465920K, used 50910K [0x00000000e0000000, 0x0000000100000000, 0x0000000100000000)
  eden space 414720K, 0% used [0x00000000e0000000,0x00000000e0000000,0x00000000f9500000)
  from space 51200K, 99% used [0x00000000f9500000,0x00000000fc6b7948,0x00000000fc700000)
  to   space 58368K, 0% used [0x00000000fc700000,0x00000000fc700000,0x0000000100000000)
 ParOldGen       total 193024K, used 129474K [0x00000000a0000000, 0x00000000abc80000, 0x00000000e0000000)
  object space 193024K, 67% used [0x00000000a0000000,0x00000000a7e70968,0x00000000abc80000)
 Metaspace       used 103731K, capacity 111900K, committed 112984K, reserved 1146880K
  class space    used 12696K, capacity 14322K, committed 14680K, reserved 1048576K
}
Event: 10104.089 GC heap before
{Heap before GC invocations=51 (full 5):
 PSYoungGen      total 465920K, used 465106K [0x00000000e0000000, 0x0000000100000000, 0x0000000100000000)
  eden space 414720K, 99% used [0x00000000e0000000,0x00000000f947d0e8,0x00000000f9500000)
  from space 51200K, 99% used [0x00000000f9500000,0x00000000fc6b7948,0x00000000fc700000)
  to   space 58368K, 0% used [0x00000000fc700000,0x00000000fc700000,0x0000000100000000)
 ParOldGen       total 193024K, used 129474K [0x00000000a0000000, 0x00000000abc80000, 0x00000000e0000000)
  object space 193024K, 67% used [0x00000000a0000000,0x00000000a7e70968,0x00000000abc80000)
 Metaspace       used 103787K, capacity 111922K, committed 112984K, reserved 1146880K
  class space    used 12697K, capacity 14325K, committed 14680K, reserved 1048576K
Event: 10104.115 GC heap after
Heap after GC invocations=51 (full 5):
 PSYoungGen      total 459776K, used 7951K [0x00000000e0000000, 0x0000000100000000, 0x0000000100000000)
  eden space 401408K, 0% used [0x00000000e0000000,0x00000000e0000000,0x00000000f8800000)
  from space 58368K, 13% used [0x00000000fc700000,0x00000000fcec3e98,0x0000000100000000)
  to   space 61440K, 0% used [0x00000000f8800000,0x00000000f8800000,0x00000000fc400000)
 ParOldGen       total 193024K, used 129490K [0x00000000a0000000, 0x00000000abc80000, 0x00000000e0000000)
  object space 193024K, 67% used [0x00000000a0000000,0x00000000a7e74968,0x00000000abc80000)
 Metaspace       used 103787K, capacity 111922K, committed 112984K, reserved 1146880K
  class space    used 12697K, capacity 14325K, committed 14680K, reserved 1048576K
}
Event: 10116.501 GC heap before
{Heap before GC invocations=52 (full 5):
 PSYoungGen      total 459776K, used 405393K [0x00000000e0000000, 0x0000000100000000, 0x0000000100000000)
  eden space 401408K, 99% used [0x00000000e0000000,0x00000000f84208a0,0x00000000f8800000)
  from space 58368K, 13% used [0x00000000fc700000,0x00000000fcec3e98,0x0000000100000000)
  to   space 61440K, 0% used [0x00000000f8800000,0x00000000f8800000,0x00000000fc400000)
 ParOldGen       total 193024K, used 129490K [0x00000000a0000000, 0x00000000abc80000, 0x00000000e0000000)
  object space 193024K, 67% used [0x00000000a0000000,0x00000000a7e74968,0x00000000abc80000)
 Metaspace       used 103797K, capacity 111932K, committed 112984K, reserved 1146880K
  class space    used 12699K, capacity 14328K, committed 14680K, reserved 1048576K
Event: 10116.546 GC heap after
Heap after GC invocations=52 (full 5):
 PSYoungGen      total 454656K, used 52929K [0x00000000e0000000, 0x0000000100000000, 0x0000000100000000)
  eden space 401408K, 0% used [0x00000000e0000000,0x00000000e0000000,0x00000000f8800000)
  from space 53248K, 99% used [0x00000000f8800000,0x00000000fbbb0708,0x00000000fbc00000)
  to   space 68096K, 0% used [0x00000000fbd80000,0x00000000fbd80000,0x0000000100000000)
 ParOldGen       total 193024K, used 185666K [0x00000000a0000000, 0x00000000abc80000, 0x00000000e0000000)
  object space 193024K, 96% used [0x00000000a0000000,0x00000000ab550b70,0x00000000abc80000)
 Metaspace       used 103797K, capacity 111932K, committed 112984K, reserved 1146880K
  class space    used 12699K, capacity 14328K, committed 14680K, reserved 1048576K
}
Event: 10116.546 GC heap before
{Heap before GC invocations=53 (full 6):
 PSYoungGen      total 454656K, used 52929K [0x00000000e0000000, 0x0000000100000000, 0x0000000100000000)
  eden space 401408K, 0% used [0x00000000e0000000,0x00000000e0000000,0x00000000f8800000)
  from space 53248K, 99% used [0x00000000f8800000,0x00000000fbbb0708,0x00000000fbc00000)
  to   space 68096K, 0% used [0x00000000fbd80000,0x00000000fbd80000,0x0000000100000000)
 ParOldGen       total 193024K, used 185666K [0x00000000a0000000, 0x00000000abc80000, 0x00000000e0000000)
  object space 193024K, 96% used [0x00000000a0000000,0x00000000ab550b70,0x00000000abc80000)
 Metaspace       used 103797K, capacity 111932K, committed 112984K, reserved 1146880K
  class space    used 12699K, capacity 14328K, committed 14680K, reserved 1048576K

